2019/11/06 23:01:48 INFO  - jmeter.util.JMeterUtils: Setting Locale to en_US 
2019/11/06 23:01:48 INFO  - jmeter.JMeter: Loading user properties from: /usr/share/jmeter/bin/user.properties 
2019/11/06 23:01:48 INFO  - jmeter.JMeter: Loading system properties from: /usr/share/jmeter/bin/system.properties 
2019/11/06 23:01:48 INFO  - jmeter.JMeter: Copyright (c) 1998-2015 The Apache Software Foundation 
2019/11/06 23:01:48 INFO  - jmeter.JMeter: Version 2.13.20170723 
2019/11/06 23:01:48 INFO  - jmeter.JMeter: java.version=1.8.0_222 
2019/11/06 23:01:48 INFO  - jmeter.JMeter: java.vm.name=OpenJDK 64-Bit Server VM 
2019/11/06 23:01:48 INFO  - jmeter.JMeter: os.name=Linux 
2019/11/06 23:01:48 INFO  - jmeter.JMeter: os.arch=amd64 
2019/11/06 23:01:48 INFO  - jmeter.JMeter: os.version=4.15.0-66-generic 
2019/11/06 23:01:48 INFO  - jmeter.JMeter: file.encoding=UTF-8 
2019/11/06 23:01:48 INFO  - jmeter.JMeter: Default Locale=English (United States) 
2019/11/06 23:01:48 INFO  - jmeter.JMeter: JMeter  Locale=English (United States) 
2019/11/06 23:01:48 INFO  - jmeter.JMeter: JMeterHome=/usr/share/jmeter 
2019/11/06 23:01:48 INFO  - jmeter.JMeter: user.dir  =/home/jai/Documents/ga_cognizant/labs/jenkins/simple-java-maven-app 
2019/11/06 23:01:48 INFO  - jmeter.JMeter: PWD       =/home/jai/Documents/ga_cognizant/labs/jenkins/simple-java-maven-app 
2019/11/06 23:01:48 INFO  - jmeter.JMeter: IP: 127.0.1.1 Name: jai-Latitude-7490 FullName: jai-Latitude-7490 
2019/11/06 23:01:48 INFO  - jmeter.gui.action.LookAndFeelCommand: Using look and feel: javax.swing.plaf.metal.MetalLookAndFeel [Metal, CrossPlatform] 
2019/11/06 23:01:48 INFO  - jmeter.JMeter: Loaded icon properties from org/apache/jmeter/images/icon.properties 
2019/11/06 23:01:48 INFO  - jmeter.engine.util.CompoundVariable: Note: Function class names must contain the string: '.functions.' 
2019/11/06 23:01:48 INFO  - jmeter.engine.util.CompoundVariable: Note: Function class names must not contain the string: '.gui.' 
2019/11/06 23:01:49 INFO  - jmeter.util.BSFTestElement: Registering JMeter version of JavaScript engine as work-round for BSF-22 
2019/11/06 23:01:49 INFO  - jmeter.protocol.http.sampler.HTTPSamplerBase: Cannot find .className property for htmlParser, using default 
2019/11/06 23:01:49 INFO  - jmeter.protocol.http.sampler.HTTPSamplerBase: Parser for text/html is  
2019/11/06 23:01:49 INFO  - jmeter.protocol.http.sampler.HTTPSamplerBase: Parser for application/xhtml+xml is  
2019/11/06 23:01:49 INFO  - jmeter.protocol.http.sampler.HTTPSamplerBase: Parser for application/xml is  
2019/11/06 23:01:49 INFO  - jmeter.protocol.http.sampler.HTTPSamplerBase: Parser for text/xml is  
2019/11/06 23:01:49 INFO  - jmeter.protocol.http.sampler.HTTPSamplerBase: Parser for text/vnd.wap.wml is org.apache.jmeter.protocol.http.parser.RegexpHTMLParser 
2019/11/06 23:01:49 INFO  - jmeter.gui.util.MenuFactory: Skipping org.apache.jmeter.protocol.http.modifier.gui.ParamModifierGui 
2019/11/06 23:01:49 INFO  - jorphan.exec.KeyToolUtils: keytool found at 'keytool' 
2019/11/06 23:01:49 INFO  - jmeter.protocol.http.proxy.ProxyControl: HTTP(S) Test Script Recorder SSL Proxy will use keys that support embedded 3rd party resources in file /usr/share/jmeter/bin/proxyserver.jks 
2019/11/06 23:01:49 INFO  - jmeter.samplers.SampleResult: Note: Sample TimeStamps are START times 
2019/11/06 23:01:49 INFO  - jmeter.samplers.SampleResult: sampleresult.default.encoding is set to ISO-8859-1 
2019/11/06 23:01:49 INFO  - jmeter.samplers.SampleResult: sampleresult.useNanoTime=true 
2019/11/06 23:01:49 INFO  - jmeter.samplers.SampleResult: sampleresult.nanoThreadSleep=5000 
2019/11/06 23:03:29 INFO  - jmeter.services.FileServer: Default base='/home/jai/Documents/ga_cognizant/labs/jenkins/simple-java-maven-app' 
2019/11/06 23:03:29 INFO  - jmeter.services.FileServer: Set new base='/home/jai/Documents/ga_cognizant/labs/jenkins/jmeter' 
2019/11/06 23:03:29 INFO  - jmeter.save.SaveService: Testplan (JMX) version: 2.2. Testlog (JTL) version: 2.2 
2019/11/06 23:03:29 INFO  - jmeter.save.SaveService: Using SaveService properties file encoding UTF-8 
2019/11/06 23:03:29 INFO  - jmeter.save.SaveService: Using SaveService properties file version 1656252 
2019/11/06 23:03:29 INFO  - jmeter.save.SaveService: Using SaveService properties version 2.8 
2019/11/06 23:03:29 INFO  - jmeter.save.SaveService: All converter versions present and correct 
2019/11/06 23:03:31 INFO  - jmeter.engine.StandardJMeterEngine: Listeners will be started after enabling running version 
2019/11/06 23:03:31 INFO  - jmeter.engine.StandardJMeterEngine: To revert to the earlier behaviour, define jmeterengine.startlistenerslater=false 
2019/11/06 23:03:31 INFO  - jmeter.engine.StandardJMeterEngine: Running the test! 
2019/11/06 23:03:31 INFO  - jmeter.samplers.SampleEvent: List of sample_variables: [] 
2019/11/06 23:03:31 INFO  - jmeter.samplers.SampleEvent: List of sample_variables: [] 
2019/11/06 23:03:31 INFO  - jmeter.gui.util.JMeterMenuBar: setRunning(true,*local*) 
2019/11/06 23:03:31 INFO  - jmeter.engine.StandardJMeterEngine: Starting ThreadGroup: 1 : Thread Group 
2019/11/06 23:03:31 INFO  - jmeter.engine.StandardJMeterEngine: Starting 1 threads for group Thread Group. 
2019/11/06 23:03:31 INFO  - jmeter.engine.StandardJMeterEngine: Thread will continue on error 
2019/11/06 23:03:31 INFO  - jmeter.threads.ThreadGroup: Starting thread group number 1 threads 1 ramp-up 1 perThread 1000.0 delayedStart=false 
2019/11/06 23:03:31 INFO  - jmeter.threads.JMeterThread: jmeterthread.startearlier=true (see jmeter.properties) 
2019/11/06 23:03:31 INFO  - jmeter.threads.JMeterThread: Running PostProcessors in forward order 
2019/11/06 23:03:31 INFO  - jmeter.threads.ThreadGroup: Started thread group number 1 
2019/11/06 23:03:31 INFO  - jmeter.engine.StandardJMeterEngine: All thread groups have been started 
2019/11/06 23:03:31 INFO  - jmeter.threads.JMeterThread: Thread started: Thread Group 1-1 
2019/11/06 23:03:31 INFO  - jmeter.protocol.http.sampler.HTTPHCAbstractImpl: Local host = jai-Latitude-7490 
2019/11/06 23:03:31 INFO  - jmeter.protocol.http.sampler.HTTPHC4Impl: HTTP request retry count = 0 
2019/11/06 23:03:31 INFO  - jmeter.protocol.http.sampler.HTTPHC4Impl: Setting up HTTPS TrustAll scheme 
2019/11/06 23:03:31 INFO  - jmeter.util.JsseSSLManager: Using default SSL protocol: TLS 
2019/11/06 23:03:31 INFO  - jmeter.util.JsseSSLManager: SSL session context: per-thread 
2019/11/06 23:03:31 INFO  - jmeter.threads.JMeterThread: Thread is done: Thread Group 1-1 
2019/11/06 23:03:31 INFO  - jmeter.threads.JMeterThread: Thread finished: Thread Group 1-1 
2019/11/06 23:03:31 INFO  - jmeter.engine.StandardJMeterEngine: Notifying test listeners of end of test 
2019/11/06 23:03:31 INFO  - jmeter.gui.util.JMeterMenuBar: setRunning(false,*local*) 
2019/11/06 23:03:51 INFO  - jmeter.engine.StandardJMeterEngine: Running the test! 
2019/11/06 23:03:51 INFO  - jmeter.samplers.SampleEvent: List of sample_variables: [] 
2019/11/06 23:03:51 INFO  - jmeter.gui.util.JMeterMenuBar: setRunning(true,*local*) 
2019/11/06 23:03:52 INFO  - jmeter.engine.StandardJMeterEngine: Starting ThreadGroup: 1 : Thread Group 
2019/11/06 23:03:52 INFO  - jmeter.engine.StandardJMeterEngine: Starting 1 threads for group Thread Group. 
2019/11/06 23:03:52 INFO  - jmeter.engine.StandardJMeterEngine: Thread will continue on error 
2019/11/06 23:03:52 INFO  - jmeter.threads.ThreadGroup: Starting thread group number 1 threads 1 ramp-up 1 perThread 1000.0 delayedStart=false 
2019/11/06 23:03:52 INFO  - jmeter.threads.ThreadGroup: Started thread group number 1 
2019/11/06 23:03:52 INFO  - jmeter.engine.StandardJMeterEngine: All thread groups have been started 
2019/11/06 23:03:52 INFO  - jmeter.threads.JMeterThread: Thread started: Thread Group 1-1 
2019/11/06 23:03:52 INFO  - jmeter.threads.JMeterThread: Thread is done: Thread Group 1-1 
2019/11/06 23:03:52 INFO  - jmeter.threads.JMeterThread: Thread finished: Thread Group 1-1 
2019/11/06 23:03:52 INFO  - jmeter.engine.StandardJMeterEngine: Notifying test listeners of end of test 
2019/11/06 23:03:52 INFO  - jmeter.gui.util.JMeterMenuBar: setRunning(false,*local*) 
